<?xml version="1.0" encoding="UTF-8"?>
<!-- Generated by org.testng.reporters.JUnitReportReporter -->
<testsuite skipped="0" hostname="DESKTOP-JT7U571" name="JunitManager.JunitBank" tests="7" failures="0" timestamp="2021-05-09T11:30:43 SGT" time="0.034" errors="0">
  <testcase name="verifyCustomerUniqueId" time="0.005" classname="JunitManager.JunitBank"/>
  <system-out/>
  <testcase name="verifyCusotmerDetailsCreation" time="0.001" classname="JunitManager.JunitBank"/>
  <system-out/>
  <testcase name="verifyCusotmerAccountUUID" time="0.004" classname="JunitManager.JunitBank"/>
  <system-out/>
  <testcase name="verifyExistingCusotmerLogin" time="0.006" classname="JunitManager.JunitBank"/>
  <system-out/>
  <testcase name="verifyNonExistingCusotmerLogin" time="0.007" classname="JunitManager.JunitBank"/>
  <system-out/>
  <testcase name="verifyCusotmerAccountCreation" time="0.003" classname="JunitManager.JunitBank"/>
  <system-out/>
  <testcase name="verifyBankName" time="0.008" classname="JunitManager.JunitBank"/>
  <system-out/>
</testsuite> <!-- JunitManager.JunitBank -->
