<?xml version="1.0" encoding="UTF-8"?>
<!-- Generated by org.testng.reporters.JUnitReportReporter -->
<testsuite skipped="0" hostname="DESKTOP-JT7U571" name="JunitManager.JunitTransaction" tests="3" failures="0" timestamp="2021-05-09T11:30:43 SGT" time="0.009" errors="0">
  <testcase name="verifyTransactionSummaryLine" time="0.002" classname="JunitManager.JunitTransaction"/>
  <system-out/>
  <testcase name="verifyTransactionAmount" time="0.002" classname="JunitManager.JunitTransaction"/>
  <system-out/>
  <testcase name="verifyTransactionMemo" time="0.005" classname="JunitManager.JunitTransaction"/>
  <system-out/>
</testsuite> <!-- JunitManager.JunitTransaction -->
