<?xml version="1.0" encoding="UTF-8"?>
<!-- Generated by org.testng.reporters.JUnitReportReporter -->
<testsuite skipped="0" hostname="DESKTOP-JT7U571" name="JunitManager.JunitAccount" tests="5" failures="0" timestamp="2021-05-09T11:30:43 SGT" time="0.027" errors="0">
  <testcase name="verifyCustomerAccountBalanceforMutipleTransaction" time="0.004" classname="JunitManager.JunitAccount"/>
  <system-out/>
  <testcase name="verifyCustomerTransactionHistory" time="0.002" classname="JunitManager.JunitAccount"/>
  <system-out/>
  <testcase name="verifyCustomerAccountBalanceforSingleTransaction" time="0.002" classname="JunitManager.JunitAccount"/>
  <system-out/>
  <testcase name="verifyCustomerTransactionCount" time="0.014" classname="JunitManager.JunitAccount"/>
  <system-out/>
  <testcase name="verifyCustomerSummaryLine" time="0.005" classname="JunitManager.JunitAccount"/>
  <system-out/>
</testsuite> <!-- JunitManager.JunitAccount -->
