<?xml version="1.0" encoding="UTF-8"?>
<!-- Generated by org.testng.reporters.JUnitReportReporter -->
<testsuite skipped="0" hostname="DESKTOP-JT7U571" name="JunitManager.JunitUser" tests="8" failures="0" timestamp="2021-05-09T11:30:43 SGT" time="0.024" errors="0">
  <testcase name="verifyUserAccountTransHistory" time="0.003" classname="JunitManager.JunitUser"/>
  <system-out/>
  <testcase name="verifyUserUID" time="0.003" classname="JunitManager.JunitUser"/>
  <system-out/>
  <testcase name="addUserAccountTransaction" time="0.004" classname="JunitManager.JunitUser"/>
  <system-out/>
  <testcase name="validateUserPin" time="0.004" classname="JunitManager.JunitUser"/>
  <system-out/>
  <testcase name="verifyUserAccountBalance" time="0.002" classname="JunitManager.JunitUser"/>
  <system-out/>
  <testcase name="validateUserFirstName" time="0.005" classname="JunitManager.JunitUser"/>
  <system-out/>
  <testcase name="verifyUserUniqueId" time="0.001" classname="JunitManager.JunitUser"/>
  <system-out/>
  <testcase name="verifyUserAccntSize" time="0.002" classname="JunitManager.JunitUser"/>
  <system-out/>
</testsuite> <!-- JunitManager.JunitUser -->
